0 info it worked if it ends with ok
1 verbose cli [ '/usr/local/bin/node',
1 verbose cli   '/home/steve/npm-global/bin/npm',
1 verbose cli   'run',
1 verbose cli   'commit',
1 verbose cli   '.' ]
2 info using npm@3.8.5
3 info using node@v6.0.0
4 verbose stack Error: missing script: commit
4 verbose stack     at run (/home/steve/npm-global/lib/node_modules/npm/lib/run-script.js:147:19)
4 verbose stack     at /home/steve/npm-global/lib/node_modules/npm/lib/run-script.js:57:5
4 verbose stack     at /home/steve/npm-global/lib/node_modules/npm/node_modules/read-package-json/read-json.js:345:5
4 verbose stack     at checkBinReferences_ (/home/steve/npm-global/lib/node_modules/npm/node_modules/read-package-json/read-json.js:309:45)
4 verbose stack     at final (/home/steve/npm-global/lib/node_modules/npm/node_modules/read-package-json/read-json.js:343:3)
4 verbose stack     at then (/home/steve/npm-global/lib/node_modules/npm/node_modules/read-package-json/read-json.js:113:5)
4 verbose stack     at /home/steve/npm-global/lib/node_modules/npm/node_modules/read-package-json/read-json.js:300:12
4 verbose stack     at /home/steve/npm-global/lib/node_modules/npm/node_modules/graceful-fs/graceful-fs.js:78:16
4 verbose stack     at tryToString (fs.js:449:3)
4 verbose stack     at FSReqWrap.readFileAfterClose [as oncomplete] (fs.js:436:12)
5 verbose cwd /home/steve/projects/khaos-webpack
6 error Linux 3.19.0-32-generic
7 error argv "/usr/local/bin/node" "/home/steve/npm-global/bin/npm" "run" "commit" "."
8 error node v6.0.0
9 error npm  v3.8.5
10 error missing script: commit
11 error If you need help, you may report this error at:
11 error     <https://github.com/npm/npm/issues>
12 verbose exit [ 1, true ]
